{"contracts/TopmonksRegistrar.sol":{"l":{"13":6,"14":6,"15":4,"19":11,"20":11,"21":11,"25":1,"29":1,"33":1,"37":1,"41":4,"42":4,"43":4,"44":4,"45":4},"path":"/Users/theodik/projects/ether/ens-registrar/contracts/TopmonksRegistrar.sol","s":{"1":6,"2":6,"3":11,"4":11,"5":11,"6":1,"7":1,"8":4},"b":{"1":[4,2]},"f":{"1":6,"2":11,"3":1,"4":1,"5":1,"6":1,"7":4},"fnMap":{"1":{"name":"onlyDomainOwner","line":12,"loc":{"start":{"line":12,"column":4},"end":{"line":12,"column":43}}},"2":{"name":null,"line":18,"loc":{"start":{"line":18,"column":4},"end":{"line":18,"column":76}}},"3":{"name":"setRootNode","line":24,"loc":{"start":{"line":24,"column":4},"end":{"line":24,"column":54}}},"4":{"name":"setResolver","line":28,"loc":{"start":{"line":28,"column":4},"end":{"line":28,"column":62}}},"5":{"name":"setNodeOwner","line":32,"loc":{"start":{"line":32,"column":4},"end":{"line":32,"column":59}}},"6":{"name":"setSubnodeOwner","line":36,"loc":{"start":{"line":36,"column":4},"end":{"line":36,"column":76}}},"7":{"name":"register","line":40,"loc":{"start":{"line":40,"column":4},"end":{"line":40,"column":85}}}},"statementMap":{"1":{"start":{"line":13,"column":8},"end":{"line":13,"column":87}},"2":{"start":{"line":14,"column":8},"end":{"line":14,"column":63}},"3":{"start":{"line":19,"column":8},"end":{"line":19,"column":23}},"4":{"start":{"line":20,"column":8},"end":{"line":20,"column":26}},"5":{"start":{"line":21,"column":8},"end":{"line":21,"column":50}},"6":{"start":{"line":25,"column":8},"end":{"line":25,"column":23}},"7":{"start":{"line":29,"column":8},"end":{"line":29,"column":50}},"8":{"start":{"line":42,"column":8},"end":{"line":42,"column":69}}},"branchMap":{"1":{"line":14,"type":"if","locations":[{"start":{"line":14,"column":8},"end":{"line":14,"column":8}},{"start":{"line":14,"column":8},"end":{"line":14,"column":8}}]}}}}