{"contracts/ENS.sol":{"l":{},"path":"/Users/theodik/projects/ether/ens-registrar/contracts/ENS.sol","s":{},"b":{},"f":{},"fnMap":{},"statementMap":{},"branchMap":{}},"contracts/ENSRegistry.sol":{"l":{"19":4,"20":3,"27":2,"36":0,"37":0,"47":3,"48":3,"49":3,"58":0,"59":0,"68":0,"69":0,"78":0,"87":0,"96":0},"path":"/Users/theodik/projects/ether/ens-registrar/contracts/ENSRegistry.sol","s":{"1":4,"2":2,"3":0,"4":0,"5":3,"6":3,"7":3,"8":0,"9":0,"10":0,"11":0,"12":0,"13":0,"14":0},"b":{"1":[3,1]},"f":{"1":4,"2":2,"3":0,"4":3,"5":0,"6":0,"7":0,"8":0,"9":0},"fnMap":{"1":{"name":"only_owner","line":18,"loc":{"start":{"line":18,"column":4},"end":{"line":18,"column":35}}},"2":{"name":"ENSRegistry","line":26,"loc":{"start":{"line":26,"column":4},"end":{"line":26,"column":31}}},"3":{"name":"setOwner","line":35,"loc":{"start":{"line":35,"column":4},"end":{"line":35,"column":72}}},"4":{"name":"setSubnodeOwner","line":46,"loc":{"start":{"line":46,"column":4},"end":{"line":46,"column":94}}},"5":{"name":"setResolver","line":57,"loc":{"start":{"line":57,"column":4},"end":{"line":57,"column":78}}},"6":{"name":"setTTL","line":67,"loc":{"start":{"line":67,"column":4},"end":{"line":67,"column":67}}},"7":{"name":"owner","line":77,"loc":{"start":{"line":77,"column":4},"end":{"line":77,"column":60}}},"8":{"name":"resolver","line":86,"loc":{"start":{"line":86,"column":4},"end":{"line":86,"column":63}}},"9":{"name":"ttl","line":95,"loc":{"start":{"line":95,"column":4},"end":{"line":95,"column":57}}}},"statementMap":{"1":{"start":{"line":19,"column":8},"end":{"line":19,"column":63}},"2":{"start":{"line":27,"column":8},"end":{"line":27,"column":38}},"3":{"start":{"line":36,"column":8},"end":{"line":36,"column":28}},"4":{"start":{"line":37,"column":8},"end":{"line":37,"column":34}},"5":{"start":{"line":47,"column":8},"end":{"line":47,"column":44}},"6":{"start":{"line":48,"column":8},"end":{"line":48,"column":35}},"7":{"start":{"line":49,"column":8},"end":{"line":49,"column":37}},"8":{"start":{"line":58,"column":8},"end":{"line":58,"column":34}},"9":{"start":{"line":59,"column":8},"end":{"line":59,"column":40}},"10":{"start":{"line":68,"column":8},"end":{"line":68,"column":24}},"11":{"start":{"line":69,"column":8},"end":{"line":69,"column":30}},"12":{"start":{"line":78,"column":8},"end":{"line":78,"column":34}},"13":{"start":{"line":87,"column":8},"end":{"line":87,"column":37}},"14":{"start":{"line":96,"column":8},"end":{"line":96,"column":32}}},"branchMap":{"1":{"line":19,"type":"if","locations":[{"start":{"line":19,"column":8},"end":{"line":19,"column":8}},{"start":{"line":19,"column":8},"end":{"line":19,"column":8}}]}}},"contracts/PublicResolver.sol":{"l":{"48":0,"49":0,"57":2,"67":0,"68":0,"80":0,"81":0,"91":0,"92":0,"102":0,"103":0,"116":0,"118":0,"119":0,"129":0,"130":0,"141":0,"142":0,"152":0,"162":0,"174":0,"175":0,"176":0,"177":0,"178":0,"181":0,"191":0,"202":0,"211":0,"220":0,"229":0},"path":"/Users/theodik/projects/ether/ens-registrar/contracts/PublicResolver.sol","s":{"1":0,"2":2,"3":0,"4":0,"5":0,"6":0,"7":0,"8":0,"9":0,"10":0,"11":0,"12":0,"13":0,"14":0,"15":0,"16":0,"17":0,"18":0,"19":0,"20":0,"21":0,"22":0,"23":0,"24":0,"25":0,"26":0,"27":0,"28":0,"29":0,"30":0},"b":{"1":[0,0],"2":[0,0],"3":[0,0]},"f":{"1":0,"2":2,"3":0,"4":0,"5":0,"6":0,"7":0,"8":0,"9":0,"10":0,"11":0,"12":0,"13":0,"14":0,"15":0,"16":0,"17":0},"fnMap":{"1":{"name":"only_owner","line":47,"loc":{"start":{"line":47,"column":4},"end":{"line":47,"column":35}}},"2":{"name":"PublicResolver","line":56,"loc":{"start":{"line":56,"column":4},"end":{"line":56,"column":45}}},"3":{"name":"setAddr","line":66,"loc":{"start":{"line":66,"column":4},"end":{"line":66,"column":70}}},"4":{"name":"setContent","line":79,"loc":{"start":{"line":79,"column":4},"end":{"line":79,"column":73}}},"5":{"name":"setMultihash","line":90,"loc":{"start":{"line":90,"column":4},"end":{"line":90,"column":73}}},"6":{"name":"setName","line":101,"loc":{"start":{"line":101,"column":4},"end":{"line":101,"column":69}}},"7":{"name":"setABI","line":114,"loc":{"start":{"line":114,"column":4},"end":{"line":114,"column":88}}},"8":{"name":"setPubkey","line":128,"loc":{"start":{"line":128,"column":4},"end":{"line":128,"column":80}}},"9":{"name":"setText","line":140,"loc":{"start":{"line":140,"column":4},"end":{"line":140,"column":82}}},"10":{"name":"text","line":151,"loc":{"start":{"line":151,"column":4},"end":{"line":151,"column":70}}},"11":{"name":"pubkey","line":161,"loc":{"start":{"line":161,"column":4},"end":{"line":161,"column":74}}},"12":{"name":"ABI","line":173,"loc":{"start":{"line":173,"column":4},"end":{"line":173,"column":104}}},"13":{"name":"name","line":190,"loc":{"start":{"line":190,"column":4},"end":{"line":190,"column":58}}},"14":{"name":"content","line":201,"loc":{"start":{"line":201,"column":4},"end":{"line":201,"column":62}}},"15":{"name":"multihash","line":210,"loc":{"start":{"line":210,"column":4},"end":{"line":210,"column":62}}},"16":{"name":"addr","line":219,"loc":{"start":{"line":219,"column":4},"end":{"line":219,"column":59}}},"17":{"name":"supportsInterface","line":228,"loc":{"start":{"line":228,"column":4},"end":{"line":228,"column":75}}}},"statementMap":{"1":{"start":{"line":48,"column":8},"end":{"line":48,"column":45}},"2":{"start":{"line":57,"column":8},"end":{"line":57,"column":20}},"3":{"start":{"line":67,"column":8},"end":{"line":67,"column":32}},"4":{"start":{"line":68,"column":8},"end":{"line":68,"column":30}},"5":{"start":{"line":80,"column":8},"end":{"line":80,"column":35}},"6":{"start":{"line":81,"column":8},"end":{"line":81,"column":33}},"7":{"start":{"line":91,"column":8},"end":{"line":91,"column":37}},"8":{"start":{"line":92,"column":8},"end":{"line":92,"column":35}},"9":{"start":{"line":102,"column":8},"end":{"line":102,"column":32}},"10":{"start":{"line":103,"column":8},"end":{"line":103,"column":30}},"11":{"start":{"line":116,"column":8},"end":{"line":116,"column":54}},"12":{"start":{"line":118,"column":8},"end":{"line":118,"column":45}},"13":{"start":{"line":119,"column":8},"end":{"line":119,"column":36}},"14":{"start":{"line":129,"column":8},"end":{"line":129,"column":45}},"15":{"start":{"line":130,"column":8},"end":{"line":130,"column":32}},"16":{"start":{"line":141,"column":8},"end":{"line":141,"column":38}},"17":{"start":{"line":142,"column":8},"end":{"line":142,"column":34}},"18":{"start":{"line":152,"column":8},"end":{"line":152,"column":38}},"19":{"start":{"line":162,"column":8},"end":{"line":162,"column":63}},"20":{"start":{"line":174,"column":8},"end":{"line":174,"column":44}},"21":{"start":{"line":175,"column":8},"end":{"line":175,"column":6020}},"22":{"start":{"line":176,"column":12},"end":{"line":176,"column":6108}},"23":{"start":{"line":177,"column":16},"end":{"line":177,"column":46}},"24":{"start":{"line":178,"column":16},"end":{"line":178,"column":22}},"25":{"start":{"line":181,"column":8},"end":{"line":181,"column":22}},"26":{"start":{"line":191,"column":8},"end":{"line":191,"column":33}},"27":{"start":{"line":202,"column":8},"end":{"line":202,"column":36}},"28":{"start":{"line":211,"column":8},"end":{"line":211,"column":38}},"29":{"start":{"line":220,"column":8},"end":{"line":220,"column":33}},"30":{"start":{"line":229,"column":8},"end":{"line":229,"column":7918}}},"branchMap":{"1":{"line":48,"type":"if","locations":[{"start":{"line":48,"column":8},"end":{"line":48,"column":8}},{"start":{"line":48,"column":8},"end":{"line":48,"column":8}}]},"2":{"line":116,"type":"if","locations":[{"start":{"line":116,"column":8},"end":{"line":116,"column":8}},{"start":{"line":116,"column":8},"end":{"line":116,"column":8}}]},"3":{"line":176,"type":"if","locations":[{"start":{"line":176,"column":12},"end":{"line":176,"column":12}},{"start":{"line":176,"column":12},"end":{"line":176,"column":12}}]}}},"contracts/ResolverInterface.sol":{"l":{},"path":"/Users/theodik/projects/ether/ens-registrar/contracts/ResolverInterface.sol","s":{},"b":{},"f":{},"fnMap":{},"statementMap":{},"branchMap":{}},"contracts/TopmonksRegistrar.sol":{"l":{"13":3,"14":3,"15":3,"19":1,"23":0,"27":0,"31":0,"35":0,"36":0,"37":0,"38":0,"39":0},"path":"/Users/theodik/projects/ether/ens-registrar/contracts/TopmonksRegistrar.sol","s":{"1":3,"2":3,"3":3,"4":1,"5":0,"6":0},"b":{},"f":{"1":3,"2":1,"3":0,"4":0,"5":0,"6":0},"fnMap":{"1":{"name":null,"line":12,"loc":{"start":{"line":12,"column":4},"end":{"line":12,"column":76}}},"2":{"name":"setRootNode","line":18,"loc":{"start":{"line":18,"column":4},"end":{"line":18,"column":54}}},"3":{"name":"setResolver","line":22,"loc":{"start":{"line":22,"column":4},"end":{"line":22,"column":62}}},"4":{"name":"setNodeOwner","line":26,"loc":{"start":{"line":26,"column":4},"end":{"line":26,"column":59}}},"5":{"name":"setSubnodeOwner","line":30,"loc":{"start":{"line":30,"column":4},"end":{"line":30,"column":76}}},"6":{"name":"register","line":34,"loc":{"start":{"line":34,"column":4},"end":{"line":34,"column":59}}}},"statementMap":{"1":{"start":{"line":13,"column":8},"end":{"line":13,"column":23}},"2":{"start":{"line":14,"column":8},"end":{"line":14,"column":26}},"3":{"start":{"line":15,"column":8},"end":{"line":15,"column":50}},"4":{"start":{"line":19,"column":8},"end":{"line":19,"column":23}},"5":{"start":{"line":23,"column":8},"end":{"line":23,"column":50}},"6":{"start":{"line":36,"column":8},"end":{"line":36,"column":69}}},"branchMap":{}}}